    1  ls -a
    2  ls -l
    3  ls /
    4  ls /usr
    5  /
    6  pwd
    7  cd /root
    8  pwd
    9  cd user
   10  cd user
   11  cd /user
   12  cd /usr
   13  cd /home
   14  mkdir test1
   15  ls
   16  mkdir test2/test3
   17  mkdir -p test2/test3
   18  ls test2
   19  touch test1/index.php
   20  ls test1
   21  cd /home/test1 && ls
   22  cp index.php copy.php
   23  ls
   24  cd /home 
   25  cp -r test1 test4
   26  ls
   27  ls test4
   28  mv test2/test3 test3
   29  ls
   30  mv test4 test1_copy
   31  ls
   32  ls
   33  ls test1
   34  rm test1/copy.php
   35  ls test1
   36  rm -r test3
   37  ls
   38  rm test1_copy/*.php
   39  las test_copy
   40  ls test_copy
   41  ls test1_copy
   42  cat readme.md
   43  cat README.md
   44  cd
   45  cat README.md
   46  sl
   47  ls
   48  cat README.md
   49  cd home
   50  cd /home
   51  ls
   52  ls
   53  cat README.md
   54  echo '# Hello World' > README.md
   55  cat README.md
   56  echo '# Server Lesson' > README.md
   57  cat README.md
   58  echo 'Linux Practice' >> README.md
   59  echo '-----------------' >> README.md
   60  cat README.md
   61  vi README.md
   62  cd/root
   63  cd
   64  cd/root
   65  cd /root
   66* yum update -y && yum -y install
   67  git version
   68  git init
   69  ls
   70  touch first.txt
   71   mkdir server_lesson && cd server_lesson
   72  git version
   73  git init
   74  touch first.txt
   75  ls
   76  mkdir linux_practice1
   77  ls
   78  cd linux_practice1
   79  mkdi public
   80  mkdir public
   81  ls
   82  cd public
   83  touch index.php
   84  ls
   85  cd /server_lesson
   86  cd
   87  ls
   88  cd /server_lesson
   89  cd  server_lesson
   90  cd linux_practice1
   91  cd public
   92  cp index.php index_bk.php
   93  ls
   94  cd //
   95  cd
   96  cd /server_lesson
   97  cd linux_practice1
   98  cd server_lesson
   99  cd linux_practice1
  100  cp -r public tmp
  101  ls
  102  cd tmp
  103  rm index_bk.php
  104  ls
  105  cd
  106  cd server_lesson
  107  touch README.md
  108  ls
  109  vi README.md
  110  vi README.md
  111   cat README.md
  112  vi README.md
  113   cat README.md
  114  vi README.md
  115   cat README.md
  116  vi README.md
  117   cat README.md
  118  vi README.md
  119  cat README.md
  120  vi README.md
  121  cat README.md
  122  vi README.md
  123  vi ~/.vimrc
  124  source ~/.vimrc
  125  source ~/.vimrc
  126  vi ~/.vimrc
  127  vi ~/.vimrc
  128  vi README.md
  129  mkdir linux_practice2
  130  ls
  131  cd linux_practice2
  132  mkdir documents
  133  ls
  134  cd documents
  135  otuoch gizumo{01..50}.tmd
  136  tuoch gizumo{01..50}.md
  137  touch gizumo{01..50}.md
  138  ls
  139  cd
  140  cd server_lesson/linux_practice2
  141  mkdir trash
  142  cd trash
  143  cd
  144  cd server_lesson/linux_practice2
  145  mv documents/gizumo*.md trash
  146  ls
  147  cd trash
  148  ls
  149  cd
  150  cd server_lesson/linux_practice2
  151  touch .gitignore
  152  ls
  153  touch .gitignore
  154  ls
  155  ls -a
  156  vi .gitignore
  157  vi .gitignore
  158  git status
  159  vi .gitignore
  160  git untracked
  161  git ls-files
  162   git ls-files
  163  git ls-files --others
  164  vi .gitignore
  165  git ls-files --others
  166  vi .gitignore
  167  git status
  168  git ls-files --others
  169  git add
  170  git add .
  171  git status
  172  git reset
  173  git status
  174  vi .gitignore
  175  git ls-files --others
  176  vi .gitignore
  177  git ls-files --others
  178  git add .
  179  git status
  180  git reset
  181  git rm -r --cached .
  182  vi .gitignore
  183  git add .
  184  git status
  185  git reset 
  186  git ls-files --others
  187  vi .gitignore
  188  vi .gitignore
  189  git ls-files --others
  190  git add .
  191  git status
  192  git status
  193  git status
  194  git status
  195  git status
  196  git rewset
  197  git reset
  198  git ls-files --others
  199  vi .gitignore
  200  git ls-files --others
  201  vi .gitignore
  202  ls
  203  ls -a
  204  vi .gitignore
  205  git ls-files --others
  206  git add
  207  git add .
  208  git status
  209  git rewset
  210  gitreset
  211* git reset\
  212  ls
  213  vi .gitignore
  214  git add .
  215  git status
  216  git reset
  217  vi .gitignore
  218  git ls-files --others
  219  git add .
  220  git status
  221  git reset
  222  vi .gitignore
  223  git add
  224  git add .
  225  git status
  226  git reset
  227  git ls-files --others
  228  history 300
  229  mv trash/gizumo{01..19}.md documents 
  230  mv trash/gizumo{41..50}.md documents

